-------------------------------------
Beginning Export of all Source
CSord.accdb
VCS Version 3.4.21
Using Fast Save
22/05/2022 20:29:54
-------------------------------------
-------------------------------------
Exporting project...          
  CSord.accdb
[1] project processed.
-------------------------------------
Exporting vb project...       
  CSord
[1] vb project processed.
-------------------------------------
Exporting vbe references...   
  DAO
[2] vbe references processed.
-------------------------------------
No modified vbe forms found in this database.
-------------------------------------
Exporting proj properties...  
  Current Project Properties (Access)
[2] proj properties processed.
-------------------------------------
No modified saved specs found in this database.
-------------------------------------
Exporting db properties...    
  Database Properties (DAO)
[52] db properties processed.
-------------------------------------
No modified shared images found in this database.
-------------------------------------
Exporting themes...           
  Thème Office
[1] themes processed.
-------------------------------------
No modified imex specs found in this database.
-------------------------------------
Exporting tables...           
  T_Info
    Sanitized in 0,006 seconds.
  T_Info (SQL)
[1] tables processed.
-------------------------------------
No modified queries found in this database.
-------------------------------------
Exporting forms...            
  F_CreateForm
Source: modSanitize.SanitizeFile
    Sanitized in 0,026 seconds.
[1] forms processed.
-------------------------------------
No modified macros found in this database.
-------------------------------------
No modified reports found in this database.
-------------------------------------
Exporting table data...       
  T_Info
    Sanitized in 0,002 seconds.
  T_Test
    Sanitized in 0,003 seconds.
[2] table data processed.
-------------------------------------
Exporting modules...          
  MD_Utilitaires
[1] modules processed.
-------------------------------------
No modified table data macros found in this database.
-------------------------------------
No modified relations found in this database.
-------------------------------------
Exporting doc properties...   
  Database Documents
[7] doc properties processed.
-------------------------------------
Exporting nav pane groups...  
  Groups
[1] nav pane groups processed.
-------------------------------------
Exporting hidden attributes...
  Database hidden attributes
[2] hidden attributes processed.
-------------------------------------
Done. (0,7 seconds)

--------------------------------------------------
                PERFORMANCE REPORTS
--------------------------------------------------
Object Type                   Count     Seconds
--------------------------------------------------
Project                       1         0,01
VB Project                    1         0,01
VBE References                2         0,01
Proj Properties               2         0,01
DB Properties                 52        0,18
Themes                        1         0,00
Tables                        1         0,04
Forms                         1         0,10
Table Data                    2         0,12
Modules                       1         0,03
Doc Properties                7         0,02
Nav Pane Groups               1         0,01
Hidden Attributes             2         0,01
--------------------------------------------------
TOTALS:                       74        0,56
--------------------------------------------------

--------------------------------------------------
Operations                    Count     Seconds
--------------------------------------------------
Read File                     13        0,02
Parse JSON                    9         0,01
Convert to JSON               642       0,22
Compute SHA256                19        0,00
Console Updates               2         0,03
Compare Dictionary            7         0,00
Get Modified Date             6         0,00
Get File Property Hash        6         0,00
Write File                    8         0,00
Verify Path                   14        0,00
Create Folder                 1         0,00
Export Theme                  1         0,00
Clear Orphaned                4         0,01
App.ExportXML()               3         0,12
Sanitize XML                  3         0,01
Format XML                    3         0,00
Save Table SQL                1         0,00
Get VBA Hash                  10        0,01
App.SaveAsText()              1         0,03
Delete File                   4         0,00
Read File Bytes               1         0,01
Sanitize File                 1         0,03
Export VBE Module             1         0,01
Enc. Windows-1252 as utf-8    1         0,01
--------------------------------------------------
Other Operations                        0,17
--------------------------------------------------


